[debug] [2024-06-29T12:45:17.348Z] ----------------------------------------------------------------------
[debug] [2024-06-29T12:45:17.354Z] Command:       C:\Program Files\nodejs\node.exe C:\Users\Roman\AppData\Roaming\npm\node_modules\firebase-tools\lib\bin\firebase.js apps:list
[debug] [2024-06-29T12:45:17.357Z] CLI Version:   13.12.0
[debug] [2024-06-29T12:45:17.357Z] Platform:      win32
[debug] [2024-06-29T12:45:17.358Z] Node Version:  v20.14.0
[debug] [2024-06-29T12:45:17.358Z] Time:          Sat Jun 29 2024 15:45:17 GMT+0300 (Moscow Standard Time)
[debug] [2024-06-29T12:45:17.359Z] ----------------------------------------------------------------------
[debug] 
[debug] [2024-06-29T12:45:17.565Z] > command requires scopes: ["email","openid","https://www.googleapis.com/auth/cloudplatformprojects.readonly","https://www.googleapis.com/auth/firebase","https://www.googleapis.com/auth/cloud-platform"]
[debug] [2024-06-29T12:45:17.566Z] > authorizing via signed-in user (rdavidenko@gmail.com)
[debug] [2024-06-29T12:45:17.580Z] >>> [apiv2][query] GET https://firebase.googleapis.com/v1beta1/projects/geoplugin-app:searchApps pageSize=100
[debug] [2024-06-29T12:45:18.167Z] <<< [apiv2][status] GET https://firebase.googleapis.com/v1beta1/projects/geoplugin-app:searchApps 403
[debug] [2024-06-29T12:45:18.168Z] <<< [apiv2][body] GET https://firebase.googleapis.com/v1beta1/projects/geoplugin-app:searchApps {"error":{"code":403,"message":"The caller does not have permission","status":"PERMISSION_DENIED"}}
[debug] [2024-06-29T12:45:18.170Z] HTTP Error: 403, The caller does not have permission
[debug] [2024-06-29T12:45:18.175Z] FirebaseError: HTTP Error: 403, The caller does not have permission
    at responseToError (C:\Users\Roman\AppData\Roaming\npm\node_modules\firebase-tools\lib\responseToError.js:49:12)
    at RetryOperation._fn (C:\Users\Roman\AppData\Roaming\npm\node_modules\firebase-tools\lib\apiv2.js:305:77)
    at process.processTicksAndRejections (node:internal/process/task_queues:95:5)
[error] 
[error] Error: Failed to list Firebase apps. See firebase-debug.log for more info.
